<?xml version="1.0" encoding="UTF-8"?>
<testng-results skipped="0" failed="0" ignored="0" total="1" passed="1">
  <reporter-output>
  </reporter-output>
  <suite name="Default suite" duration-ms="7352" started-at="2018-12-29T15:49:59Z" finished-at="2018-12-29T15:50:07Z">
    <groups>
    </groups>
    <test name="Default test" duration-ms="7352" started-at="2018-12-29T15:49:59Z" finished-at="2018-12-29T15:50:07Z">
      <class name="com.MavenTestNG.BaseClass">
        <test-method status="PASS" signature="setUp()[pri:0, instance:com.MavenTestNG.BaseClass@670b40af]" name="setUp" duration-ms="7312" started-at="2018-12-29T15:49:59Z" finished-at="2018-12-29T15:50:07Z">
          <reporter-output>
          </reporter-output>
        </test-method> <!-- setUp -->
      </class> <!-- com.MavenTestNG.BaseClass -->
    </test> <!-- Default test -->
  </suite> <!-- Default suite -->
</testng-results>
